<?xml version="1.0" encoding="UTF-8" ?>
<testsuite tests="2" failures="0" name="junit.todo.ToDoItemRepositoryTest" time="0.21" errors="0" skipped="0">
  <properties>
    <property name="java.runtime.name" value="Java(TM) SE Runtime Environment"/>
    <property name="java.vm.version" value="11.0.17+10-LTS-269"/>
    <property name="sun.boot.library.path" value="C:\Program Files\Java\jdk-11.0.17\bin"/>
    <property name="java.vm.vendor" value="Oracle Corporation"/>
    <property name="java.vendor.url" value="https://openjdk.java.net/"/>
    <property name="path.separator" value=";"/>
    <property name="java.vm.name" value="Java HotSpot(TM) 64-Bit Server VM"/>
    <property name="sun.os.patch.level" value=""/>
    <property name="user.script" value=""/>
    <property name="user.country" value="IN"/>
    <property name="sun.java.launcher" value="SUN_STANDARD"/>
    <property name="java.vm.specification.name" value="Java Virtual Machine Specification"/>
    <property name="user.dir" value="D:\maven_working\lak\tests-junit"/>
    <property name="java.vm.compressedOopsMode" value="32-bit"/>
    <property name="java.runtime.version" value="11.0.17+10-LTS-269"/>
    <property name="java.awt.graphicsenv" value="sun.awt.Win32GraphicsEnvironment"/>
    <property name="basedir" value="D:\maven_working\lak\tests-junit"/>
    <property name="os.arch" value="amd64"/>
    <property name="surefire.real.class.path" value="C:\Users\KL007\AppData\Local\Temp\surefirebooter5307055111064968330.jar"/>
    <property name="java.io.tmpdir" value="C:\Users\KL007\AppData\Local\Temp\"/>
    <property name="line.separator" value="
"/>
    <property name="java.vm.specification.vendor" value="Oracle Corporation"/>
    <property name="user.variant" value=""/>
    <property name="os.name" value="Windows 10"/>
    <property name="sun.jnu.encoding" value="Cp1252"/>
    <property name="java.library.path" value="C:\Program Files\Java\jdk-11.0.17\bin;C:\WINDOWS\Sun\Java\bin;C:\WINDOWS\system32;C:\WINDOWS;C:\Users\KL007\bin;C:\Program Files\Git\mingw64\bin;C:\Program Files\Git\usr\local\bin;C:\Program Files\Git\usr\bin;C:\Program Files\Git\usr\bin;C:\Program Files\Git\mingw64\bin;C:\Program Files\Git\usr\bin;C:\Users\KL007\bin;C:\Program Files\Common Files\Oracle\Java\javapath;C:\Program Files (x86)\Microsoft SDKs\Azure\CLI2\wbin;C:\Program Files (x86)\VMware\VMware Workstation\bin;C:\WINDOWS\system32;C:\WINDOWS;C:\WINDOWS\System32\Wbem;C:\WINDOWS\System32\WindowsPowerShell\v1.0;C:\WINDOWS\System32\OpenSSH;C:\Program Files\Amazon\AWSCLIV2;C:\Program Files (x86)\PuTTY;C:\Program Files\PuTTY;C:\Program Files\Git\cmd;C:\Program Files\Java\jdk-11.0.17\bin;C:\apache-maven-3.8.6\bin;D:\apache-tomcat-9.0.68-windows-x64\apache-tomcat-9.0.68\bin;C:\Python\Python310\Scripts;C:\Python\Python310;C:\Users\KL007\AppData\Local\Microsoft\WindowsApps;C:\Users\KL007\AppData\Local\Programs\Microsoft VS Code\bin;C:\Users\KL007\AppData\Local\GitHubDesktop\bin;C:\Program Files\Git\usr\bin\vendor_perl;C:\Program Files\Git\usr\bin\core_perl;."/>
    <property name="surefire.test.class.path" value="D:\maven_working\lak\tests-junit\target\test-classes;D:\maven_working\lak\tests-junit\target\classes;D:\maven_working\lak\fixture\target\lak-fixture-1.0-SNAPSHOT.jar;D:\maven_working\lak\objstore-default\target\lak-objstore-dflt-1.0-SNAPSHOT.jar;D:\maven_working\lak\dom\target\lak-dom-1.0-SNAPSHOT.jar;C:\Users\KL007\.m2\repository\org\apache\isis\core\runtime\0.2.0-incubating\runtime-0.2.0-incubating.jar;C:\Users\KL007\.m2\repository\org\apache\isis\core\metamodel\0.2.0-incubating\metamodel-0.2.0-incubating.jar;C:\Users\KL007\.m2\repository\org\apache\isis\applib\0.2.0-incubating\applib-0.2.0-incubating.jar;C:\Users\KL007\.m2\repository\joda-time\joda-time\1.6.2\joda-time-1.6.2.jar;C:\Users\KL007\.m2\repository\org\apache\isis\core\commons\0.2.0-incubating\commons-0.2.0-incubating.jar;C:\Users\KL007\.m2\repository\commons-collections\commons-collections\3.2.1\commons-collections-3.2.1.jar;C:\Users\KL007\.m2\repository\commons-codec\commons-codec\1.6\commons-codec-1.6.jar;C:\Users\KL007\.m2\repository\com\google\inject\guice\3.0\guice-3.0.jar;C:\Users\KL007\.m2\repository\javax\inject\javax.inject\1\javax.inject-1.jar;C:\Users\KL007\.m2\repository\aopalliance\aopalliance\1.0\aopalliance-1.0.jar;C:\Users\KL007\.m2\repository\commons-cli\commons-cli\1.2\commons-cli-1.2.jar;C:\Users\KL007\.m2\repository\log4j\log4j\1.2.16\log4j-1.2.16.jar;C:\Users\KL007\.m2\repository\com\google\guava\guava\11.0\guava-11.0.jar;C:\Users\KL007\.m2\repository\com\google\code\findbugs\jsr305\1.3.9\jsr305-1.3.9.jar;C:\Users\KL007\.m2\repository\org\hamcrest\hamcrest-library\1.1\hamcrest-library-1.1.jar;C:\Users\KL007\.m2\repository\org\hamcrest\hamcrest-core\1.1\hamcrest-core-1.1.jar;C:\Users\KL007\.m2\repository\org\apache\isis\runtimes\dflt\webserver\0.2.0-incubating\webserver-0.2.0-incubating.jar;C:\Users\KL007\.m2\repository\org\apache\isis\runtimes\dflt\webapp\0.2.0-incubating\webapp-0.2.0-incubating.jar;C:\Users\KL007\.m2\repository\org\apache\isis\runtimes\dflt\monitoring\0.2.0-incubating\monitoring-0.2.0-incubating.jar;C:\Users\KL007\.m2\repository\org\apache\isis\core\webapp\0.2.0-incubating\webapp-0.2.0-incubating.jar;C:\Users\KL007\.m2\repository\org\mortbay\jetty\jetty\6.1.26\jetty-6.1.26.jar;C:\Users\KL007\.m2\repository\org\mortbay\jetty\jetty-util\6.1.26\jetty-util-6.1.26.jar;C:\Users\KL007\.m2\repository\org\apache\geronimo\specs\geronimo-jsp_2.1_spec\1.0.1\geronimo-jsp_2.1_spec-1.0.1.jar;C:\Users\KL007\.m2\repository\org\apache\isis\runtimes\dflt\bytecode\dflt\0.2.0-incubating\dflt-0.2.0-incubating.jar;C:\Users\KL007\.m2\repository\org\apache\isis\runtimes\dflt\runtime\0.2.0-incubating\runtime-0.2.0-incubating.jar;C:\Users\KL007\.m2\repository\commons-lang\commons-lang\2.6\commons-lang-2.6.jar;C:\Users\KL007\.m2\repository\asm\asm\3.1\asm-3.1.jar;C:\Users\KL007\.m2\repository\org\objenesis\objenesis\1.2\objenesis-1.2.jar;C:\Users\KL007\.m2\repository\cglib\cglib-nodep\2.1_3\cglib-nodep-2.1_3.jar;C:\Users\KL007\.m2\repository\org\apache\isis\runtimes\dflt\objectstores\dflt\0.2.0-incubating\dflt-0.2.0-incubating.jar;C:\Users\KL007\.m2\repository\org\apache\isis\runtimes\dflt\objectstores\xml\0.2.0-incubating\xml-0.2.0-incubating.jar;C:\Users\KL007\.m2\repository\org\apache\isis\runtimes\dflt\profilestores\dflt\0.2.0-incubating\dflt-0.2.0-incubating.jar;C:\Users\KL007\.m2\repository\org\apache\isis\progmodels\dflt\0.2.0-incubating\dflt-0.2.0-incubating.jar;C:\Users\KL007\.m2\repository\org\apache\isis\core\progmodel\0.2.0-incubating\progmodel-0.2.0-incubating.jar;C:\Users\KL007\.m2\repository\org\apache\isis\security\dflt\0.2.0-incubating\dflt-0.2.0-incubating.jar;C:\Users\KL007\.m2\repository\org\apache\isis\viewer\junit\0.2.0-incubating\junit-0.2.0-incubating.jar;C:\Users\KL007\.m2\repository\org\apache\isis\progmodels\wrapper-metamodel\0.2.0-incubating\wrapper-metamodel-0.2.0-incubating.jar;C:\Users\KL007\.m2\repository\org\apache\isis\progmodels\wrapper-applib\0.2.0-incubating\wrapper-applib-0.2.0-incubating.jar;C:\Users\KL007\.m2\repository\org\apache\isis\runtimes\dflt\bytecode\identity\0.2.0-incubating\identity-0.2.0-incubating.jar;C:\Users\KL007\.m2\repository\org\jmock\jmock\2.5.1\jmock-2.5.1.jar;C:\Users\KL007\.m2\repository\org\jmock\jmock-junit4\2.5.1\jmock-junit4-2.5.1.jar;C:\Users\KL007\.m2\repository\org\jmock\jmock-legacy\2.5.1\jmock-legacy-2.5.1.jar;C:\Users\KL007\.m2\repository\junit\junit\4.8.2\junit-4.8.2.jar;"/>
    <property name="jdk.debug" value="release"/>
    <property name="java.class.version" value="55.0"/>
    <property name="java.specification.name" value="Java Platform API Specification"/>
    <property name="sun.management.compiler" value="HotSpot 64-Bit Tiered Compilers"/>
    <property name="os.version" value="10.0"/>
    <property name="user.home" value="C:\Users\KL007"/>
    <property name="user.timezone" value="Asia/Calcutta"/>
    <property name="java.awt.printerjob" value="sun.awt.windows.WPrinterJob"/>
    <property name="file.encoding" value="Cp1252"/>
    <property name="java.specification.version" value="11"/>
    <property name="user.name" value="KL007"/>
    <property name="java.class.path" value="D:\maven_working\lak\tests-junit\target\test-classes;D:\maven_working\lak\tests-junit\target\classes;D:\maven_working\lak\fixture\target\lak-fixture-1.0-SNAPSHOT.jar;D:\maven_working\lak\objstore-default\target\lak-objstore-dflt-1.0-SNAPSHOT.jar;D:\maven_working\lak\dom\target\lak-dom-1.0-SNAPSHOT.jar;C:\Users\KL007\.m2\repository\org\apache\isis\core\runtime\0.2.0-incubating\runtime-0.2.0-incubating.jar;C:\Users\KL007\.m2\repository\org\apache\isis\core\metamodel\0.2.0-incubating\metamodel-0.2.0-incubating.jar;C:\Users\KL007\.m2\repository\org\apache\isis\applib\0.2.0-incubating\applib-0.2.0-incubating.jar;C:\Users\KL007\.m2\repository\joda-time\joda-time\1.6.2\joda-time-1.6.2.jar;C:\Users\KL007\.m2\repository\org\apache\isis\core\commons\0.2.0-incubating\commons-0.2.0-incubating.jar;C:\Users\KL007\.m2\repository\commons-collections\commons-collections\3.2.1\commons-collections-3.2.1.jar;C:\Users\KL007\.m2\repository\commons-codec\commons-codec\1.6\commons-codec-1.6.jar;C:\Users\KL007\.m2\repository\com\google\inject\guice\3.0\guice-3.0.jar;C:\Users\KL007\.m2\repository\javax\inject\javax.inject\1\javax.inject-1.jar;C:\Users\KL007\.m2\repository\aopalliance\aopalliance\1.0\aopalliance-1.0.jar;C:\Users\KL007\.m2\repository\commons-cli\commons-cli\1.2\commons-cli-1.2.jar;C:\Users\KL007\.m2\repository\log4j\log4j\1.2.16\log4j-1.2.16.jar;C:\Users\KL007\.m2\repository\com\google\guava\guava\11.0\guava-11.0.jar;C:\Users\KL007\.m2\repository\com\google\code\findbugs\jsr305\1.3.9\jsr305-1.3.9.jar;C:\Users\KL007\.m2\repository\org\hamcrest\hamcrest-library\1.1\hamcrest-library-1.1.jar;C:\Users\KL007\.m2\repository\org\hamcrest\hamcrest-core\1.1\hamcrest-core-1.1.jar;C:\Users\KL007\.m2\repository\org\apache\isis\runtimes\dflt\webserver\0.2.0-incubating\webserver-0.2.0-incubating.jar;C:\Users\KL007\.m2\repository\org\apache\isis\runtimes\dflt\webapp\0.2.0-incubating\webapp-0.2.0-incubating.jar;C:\Users\KL007\.m2\repository\org\apache\isis\runtimes\dflt\monitoring\0.2.0-incubating\monitoring-0.2.0-incubating.jar;C:\Users\KL007\.m2\repository\org\apache\isis\core\webapp\0.2.0-incubating\webapp-0.2.0-incubating.jar;C:\Users\KL007\.m2\repository\org\mortbay\jetty\jetty\6.1.26\jetty-6.1.26.jar;C:\Users\KL007\.m2\repository\org\mortbay\jetty\jetty-util\6.1.26\jetty-util-6.1.26.jar;C:\Users\KL007\.m2\repository\org\apache\geronimo\specs\geronimo-jsp_2.1_spec\1.0.1\geronimo-jsp_2.1_spec-1.0.1.jar;C:\Users\KL007\.m2\repository\org\apache\isis\runtimes\dflt\bytecode\dflt\0.2.0-incubating\dflt-0.2.0-incubating.jar;C:\Users\KL007\.m2\repository\org\apache\isis\runtimes\dflt\runtime\0.2.0-incubating\runtime-0.2.0-incubating.jar;C:\Users\KL007\.m2\repository\commons-lang\commons-lang\2.6\commons-lang-2.6.jar;C:\Users\KL007\.m2\repository\asm\asm\3.1\asm-3.1.jar;C:\Users\KL007\.m2\repository\org\objenesis\objenesis\1.2\objenesis-1.2.jar;C:\Users\KL007\.m2\repository\cglib\cglib-nodep\2.1_3\cglib-nodep-2.1_3.jar;C:\Users\KL007\.m2\repository\org\apache\isis\runtimes\dflt\objectstores\dflt\0.2.0-incubating\dflt-0.2.0-incubating.jar;C:\Users\KL007\.m2\repository\org\apache\isis\runtimes\dflt\objectstores\xml\0.2.0-incubating\xml-0.2.0-incubating.jar;C:\Users\KL007\.m2\repository\org\apache\isis\runtimes\dflt\profilestores\dflt\0.2.0-incubating\dflt-0.2.0-incubating.jar;C:\Users\KL007\.m2\repository\org\apache\isis\progmodels\dflt\0.2.0-incubating\dflt-0.2.0-incubating.jar;C:\Users\KL007\.m2\repository\org\apache\isis\core\progmodel\0.2.0-incubating\progmodel-0.2.0-incubating.jar;C:\Users\KL007\.m2\repository\org\apache\isis\security\dflt\0.2.0-incubating\dflt-0.2.0-incubating.jar;C:\Users\KL007\.m2\repository\org\apache\isis\viewer\junit\0.2.0-incubating\junit-0.2.0-incubating.jar;C:\Users\KL007\.m2\repository\org\apache\isis\progmodels\wrapper-metamodel\0.2.0-incubating\wrapper-metamodel-0.2.0-incubating.jar;C:\Users\KL007\.m2\repository\org\apache\isis\progmodels\wrapper-applib\0.2.0-incubating\wrapper-applib-0.2.0-incubating.jar;C:\Users\KL007\.m2\repository\org\apache\isis\runtimes\dflt\bytecode\identity\0.2.0-incubating\identity-0.2.0-incubating.jar;C:\Users\KL007\.m2\repository\org\jmock\jmock\2.5.1\jmock-2.5.1.jar;C:\Users\KL007\.m2\repository\org\jmock\jmock-junit4\2.5.1\jmock-junit4-2.5.1.jar;C:\Users\KL007\.m2\repository\org\jmock\jmock-legacy\2.5.1\jmock-legacy-2.5.1.jar;C:\Users\KL007\.m2\repository\junit\junit\4.8.2\junit-4.8.2.jar;"/>
    <property name="java.vm.specification.version" value="11"/>
    <property name="sun.arch.data.model" value="64"/>
    <property name="sun.java.command" value="C:\Users\KL007\AppData\Local\Temp\surefirebooter5307055111064968330.jar C:\Users\KL007\AppData\Local\Temp\surefire9988508486764303288tmp C:\Users\KL007\AppData\Local\Temp\surefire7241584093068530469tmp"/>
    <property name="java.home" value="C:\Program Files\Java\jdk-11.0.17"/>
    <property name="user.language" value="en"/>
    <property name="java.specification.vendor" value="Oracle Corporation"/>
    <property name="awt.toolkit" value="sun.awt.windows.WToolkit"/>
    <property name="java.vm.info" value="mixed mode"/>
    <property name="java.version" value="11.0.17"/>
    <property name="java.vendor" value="Oracle Corporation"/>
    <property name="localRepository" value="C:\Users\KL007\.m2\repository"/>
    <property name="file.separator" value="\"/>
    <property name="java.version.date" value="2022-10-18"/>
    <property name="java.vendor.url.bug" value="https://bugreport.java.com/bugreport/"/>
    <property name="sun.io.unicode.encoding" value="UnicodeLittle"/>
    <property name="sun.cpu.endian" value="little"/>
    <property name="java.vendor.version" value="18.9"/>
    <property name="sun.desktop" value="windows"/>
    <property name="sun.cpu.isalist" value="amd64"/>
  </properties>
  <testcase classname="junit.todo.ToDoItemRepositoryTest" name="canCreateToDoItem" time="0.004"/>
  <testcase classname="junit.todo.ToDoItemRepositoryTest" name="canFindAllItemsNotYetDone" time="0.011"/>
</testsuite>